<?xml version="1.0" encoding="UTF-8"?>
<!-- Generated by org.testng.reporters.JUnitXMLReporter -->
<testsuite hostname="LAPTOP-A8332NNU" ignored="3" name="testGroup" tests="3" failures="0" timestamp="08 Jul 2018 10:40:00 GMT" time="0.085" errors="0">
  <testcase name="test1" time="0.022" classname="com.Automation.Interview.Groups1"/>
  <testcase name="test3" time="0.003" classname="com.Automation.Interview.Groups1"/>
  <testcase name="test1" time="0.001" classname="com.Automation.Interview.Groups2"/>
  <testcase name="test2" time="0.0" classname="com.Automation.Interview.Groups2">
    <ignored/>
  </testcase> <!-- test2 -->
  <testcase name="test2" time="0.0" classname="com.Automation.Interview.Groups1">
    <ignored/>
  </testcase> <!-- test2 -->
  <testcase name="test4" time="0.0" classname="com.Automation.Interview.Groups1">
    <ignored/>
  </testcase> <!-- test4 -->
</testsuite> <!-- testGroup -->
